[debug] [2019-11-24T18:47:48.264Z] ----------------------------------------------------------------------
[debug] [2019-11-24T18:47:48.265Z] Command:       /usr/local/bin/node /usr/local/bin/firebase serve
[debug] [2019-11-24T18:47:48.266Z] CLI Version:   7.8.1
[debug] [2019-11-24T18:47:48.266Z] Platform:      darwin
[debug] [2019-11-24T18:47:48.266Z] Node Version:  v10.15.0
[debug] [2019-11-24T18:47:48.266Z] Time:          Mon Nov 25 2019 00:17:48 GMT+0530 (India Standard Time)
[debug] [2019-11-24T18:47:48.266Z] ----------------------------------------------------------------------
[debug] [2019-11-24T18:47:48.266Z] 
[debug] [2019-11-24T18:47:48.274Z] > command requires scopes: ["email","openid","https://www.googleapis.com/auth/cloudplatformprojects.readonly","https://www.googleapis.com/auth/firebase","https://www.googleapis.com/auth/cloud-platform"]
[debug] [2019-11-24T18:47:48.274Z] > authorizing via signed-in user
[debug] [2019-11-24T18:47:48.274Z] [iam] checking project tomatoz-40ec5 for permissions ["firebase.projects.get"]
[debug] [2019-11-24T18:47:48.276Z] >>> HTTP REQUEST POST https://cloudresourcemanager.googleapis.com/v1/projects/tomatoz-40ec5:testIamPermissions  

[debug] [2019-11-24T18:47:50.268Z] <<< HTTP RESPONSE 200
[debug] [2019-11-24T18:47:50.269Z] >>> HTTP REQUEST GET https://firebase.googleapis.com/v1beta1/projects/tomatoz-40ec5  
 
[debug] [2019-11-24T18:47:50.888Z] <<< HTTP RESPONSE 200
[info] 
[info] === Serving from '/Users/poorva/Desktop/7th Sem/Order'...
[info] 
[debug] [2019-11-24T18:47:50.890Z] >>> HTTP REQUEST GET https://firebase.googleapis.com/v1beta1/projects/tomatoz-40ec5/webApps/-/config  
 
[debug] [2019-11-24T18:47:52.162Z] <<< HTTP RESPONSE 200
[info] i  hosting: Serving hosting files from: public
[info] ✔  hosting: Local server: http://localhost:5000
